<?xml version="1.0" encoding="UTF-8"?>
<testsuite name="ValidRegistrationTest" tests="1" skipped="0" failures="0" errors="0" timestamp="2026-04-08T23:50:47" hostname="DESKTOP-LURF93L" time="9.815">
  <properties/>
  <testcase name="validRegistration()" classname="ValidRegistrationTest" time="9.815"/>
  <system-out><![CDATA[]]></system-out>
  <system-err><![CDATA[SLF4J: No SLF4J providers were found.
SLF4J: Defaulting to no-operation (NOP) logger implementation
SLF4J: See https://www.slf4j.org/codes.html#noProviders for further details.
апр. 09, 2026 2:50:50 AM org.openqa.selenium.devtools.CdpVersionFinder findNearestMatch
WARNING: Unable to find CDP implementation matching 146
апр. 09, 2026 2:50:50 AM org.openqa.selenium.chromium.ChromiumDriver lambda$new$5
WARNING: Unable to find version of CDP to use for 146.0.7680.180. You may need to include a dependency on a specific version of the CDP using something similar to `org.seleniumhq.selenium:selenium-devtools-v86:4.13.0` where the version ("v86") matches the version of the chromium-based browser you're using and the version number of the artifact is the same as Selenium's.
]]></system-err>
</testsuite>
